select first 1 ref from locations
SELECT * FROM locations WHERE ref=3
SELECT * FROM v_loc_neighbours WHERE location=3
SELECT * FROM locations WHERE ref=5
SELECT * FROM v_loc_neighbours WHERE location=5
SELECT * FROM locations WHERE ref=4
SELECT * FROM v_loc_neighbours WHERE location=4
SELECT * FROM locations WHERE ref=6
SELECT * FROM v_loc_neighbours WHERE location=6
SELECT * FROM locations WHERE ref=3
SELECT * FROM v_loc_neighbours WHERE location=3
SELECT * FROM locations WHERE ref=5
SELECT * FROM v_loc_neighbours WHERE location=5
UPDATE locations SET NAME='changed_name' WHERE ref=5
UPDATE locations SET NAME='Test5' WHERE ref=5
SELECT obj_type, item_type FROM items WHERE ref=2
SELECT * FROM items WHERE ref=2
SELECT * FROM items WHERE ref=2
SELECT obj_type, item_type FROM items WHERE ref=4
SELECT obj_type, item_type FROM items WHERE ref=2
SELECT * FROM items WHERE ref=2
SELECT * FROM items WHERE ref=2
SELECT obj_type, item_type FROM items WHERE ref=1
SELECT * FROM items WHERE ref=1
SELECT * FROM items WHERE ref=1
SELECT obj_type, item_type FROM items WHERE ref=2
SELECT * FROM items WHERE ref=2
SELECT * FROM items WHERE ref=2
SELECT obj_type, item_type FROM items WHERE ref=79
SELECT * FROM items WHERE ref=79
SELECT * FROM items WHERE ref=79
SELECT obj_type, item_type FROM items WHERE ref=2
SELECT * FROM items WHERE ref=2
SELECT * FROM items WHERE ref=2
UPDATE items SET SHOP_VALUE='333' WHERE ref=2
SELECT obj_type, item_type FROM items WHERE ref=2
SELECT * FROM items WHERE ref=2
SELECT * FROM items WHERE ref=2
UPDATE items SET SHOP_VALUE='32' WHERE ref=2
SELECT * FROM items WHERE ref=2
SELECT * FROM items WHERE ref=2
UPDATE items SET WEIGHT='10' WHERE ref=2
UPDATE items SET DESCRIPTION='x' WHERE ref=2
UPDATE items SET NAME='xx' WHERE ref=2
UPDATE items SET ITEM_TYPE='4' WHERE ref=2
UPDATE items SET CONDITION='1' WHERE ref=2
UPDATE items SET BODY_PARTS='01100100' WHERE ref=2
UPDATE items SET BODY_PARTS='01000100' WHERE ref=2
UPDATE items SET DURABILITY='5' WHERE ref=2
SELECT obj_type, item_type FROM items WHERE ref=2
SELECT * FROM items WHERE ref=2
SELECT * FROM items WHERE ref=2
UPDATE items SET WEIGHT='1.93' WHERE ref=2
UPDATE items SET DESCRIPTION='lolo' WHERE ref=2
UPDATE items SET NAME='TestIns2' WHERE ref=2
UPDATE items SET ITEM_TYPE='3' WHERE ref=2
UPDATE items SET CONDITION='2' WHERE ref=2
UPDATE items SET BODY_PARTS='01100100' WHERE ref=2
UPDATE items SET BODY_PARTS='00100100' WHERE ref=2
UPDATE items SET DURABILITY='7' WHERE ref=2
SELECT obj_type, item_type FROM items WHERE ref=1
SELECT * FROM items WHERE ref=1
SELECT * FROM items WHERE ref=1
UPDATE items SET WPN_SKILL='9' WHERE ref=1
UPDATE items SET WPN_DEFENCE='7' WHERE ref=1
UPDATE items SET WPN_ATTACK='3' WHERE ref=1
UPDATE items SET WPN_REFLEX='2' WHERE ref=1
UPDATE items SET WPN_STR_REQ='4' WHERE ref=1
UPDATE items SET WPN_RANGE='6' WHERE ref=1
UPDATE items SET WPN_D_PIERCING='2' WHERE ref=1
UPDATE items SET WPN_D_SLASHING='3' WHERE ref=1
UPDATE items SET WPN_D_BASHING='4' WHERE ref=1
SELECT obj_type, item_type FROM items WHERE ref=1
SELECT * FROM items WHERE ref=1
SELECT * FROM items WHERE ref=1
UPDATE items SET WPN_SKILL='1' WHERE ref=1
UPDATE items SET WPN_DEFENCE='6' WHERE ref=1
UPDATE items SET WPN_ATTACK='2' WHERE ref=1
UPDATE items SET WPN_REFLEX='1' WHERE ref=1
UPDATE items SET WPN_STR_REQ='3' WHERE ref=1
UPDATE items SET WPN_RANGE='5' WHERE ref=1
UPDATE items SET WPN_D_PIERCING='1' WHERE ref=1
UPDATE items SET WPN_D_SLASHING='2' WHERE ref=1
UPDATE items SET WPN_D_BASHING='3' WHERE ref=1
SELECT obj_type, item_type FROM items WHERE ref=2
SELECT * FROM items WHERE ref=2
SELECT * FROM items WHERE ref=2
UPDATE items SET ARM_DR_PIERCING='2' WHERE ref=2
UPDATE items SET ARM_DR_SLASHING='3' WHERE ref=2
UPDATE items SET ARM_DR_BASHING='4' WHERE ref=2
SELECT obj_type, item_type FROM items WHERE ref=2
SELECT * FROM items WHERE ref=2
SELECT * FROM items WHERE ref=2
UPDATE items SET ARM_DR_PIERCING='5' WHERE ref=2
UPDATE items SET ARM_DR_SLASHING='6' WHERE ref=2
UPDATE items SET ARM_DR_BASHING='7' WHERE ref=2
SELECT obj_type, item_type FROM items WHERE ref=79
SELECT * FROM items WHERE ref=79
SELECT * FROM items WHERE ref=79
UPDATE items SET FOD_HUNGER='20' WHERE ref=79
SELECT obj_type, item_type FROM items WHERE ref=79
SELECT * FROM items WHERE ref=79
SELECT * FROM items WHERE ref=79
UPDATE items SET FOD_HUNGER='35' WHERE ref=79
SELECT obj_type, item_type FROM items WHERE ref=2
SELECT * FROM items WHERE ref=2
SELECT * FROM items WHERE ref=2
SELECT * FROM items WHERE ref=2
SELECT * FROM items WHERE ref=2
SELECT ref, prototype FROM items WHERE obj_type=2
SELECT obj_type, item_type FROM items WHERE ref=3
SELECT * FROM items WHERE ref=3
SELECT obj_type, item_type FROM items WHERE ref=4
SELECT * FROM items WHERE ref=4
SELECT * FROM items WHERE ref=4
SELECT obj_type, item_type FROM items WHERE ref=5
SELECT * FROM items WHERE ref=5
SELECT * FROM items WHERE ref=5
EXECUTE PROCEDURE CLONE_ITEM(4)
SELECT obj_type, item_type FROM items WHERE ref=81
SELECT * FROM items WHERE ref=81
SELECT * FROM items WHERE ref=81
delete from items where ref = 81
select first 1 ref from locations
SELECT * FROM locations WHERE ref=3
SELECT * FROM v_loc_neighbours WHERE location=3
SELECT * FROM locations WHERE ref=5
SELECT * FROM v_loc_neighbours WHERE location=5
SELECT * FROM locations WHERE ref=4
SELECT * FROM v_loc_neighbours WHERE location=4
SELECT * FROM locations WHERE ref=6
SELECT * FROM v_loc_neighbours WHERE location=6
SELECT * FROM locations WHERE ref=3
SELECT * FROM v_loc_neighbours WHERE location=3
SELECT * FROM locations WHERE ref=5
SELECT * FROM v_loc_neighbours WHERE location=5
UPDATE locations SET NAME='changed_name' WHERE ref=5
UPDATE locations SET NAME='Test5' WHERE ref=5
SELECT obj_type, item_type FROM items WHERE ref=2
SELECT * FROM items WHERE ref=2
SELECT * FROM items WHERE ref=2
SELECT obj_type, item_type FROM items WHERE ref=4
SELECT obj_type, item_type FROM items WHERE ref=2
SELECT * FROM items WHERE ref=2
SELECT * FROM items WHERE ref=2
SELECT obj_type, item_type FROM items WHERE ref=1
SELECT * FROM items WHERE ref=1
SELECT * FROM items WHERE ref=1
SELECT obj_type, item_type FROM items WHERE ref=2
SELECT * FROM items WHERE ref=2
SELECT * FROM items WHERE ref=2
SELECT obj_type, item_type FROM items WHERE ref=79
SELECT * FROM items WHERE ref=79
SELECT * FROM items WHERE ref=79
SELECT obj_type, item_type FROM items WHERE ref=82
SELECT * FROM items WHERE ref=82
SELECT * FROM items WHERE ref=82
SELECT obj_type, item_type FROM items WHERE ref=2
SELECT * FROM items WHERE ref=2
SELECT * FROM items WHERE ref=2
UPDATE items SET SHOP_VALUE='333' WHERE ref=2
SELECT obj_type, item_type FROM items WHERE ref=2
SELECT * FROM items WHERE ref=2
SELECT * FROM items WHERE ref=2
UPDATE items SET SHOP_VALUE='32' WHERE ref=2
SELECT * FROM items WHERE ref=2
SELECT * FROM items WHERE ref=2
UPDATE items SET WEIGHT='10' WHERE ref=2
UPDATE items SET DESCRIPTION='x' WHERE ref=2
UPDATE items SET NAME='xx' WHERE ref=2
UPDATE items SET ITEM_TYPE='4' WHERE ref=2
UPDATE items SET CONDITION='1' WHERE ref=2
UPDATE items SET BODY_PARTS='01100100' WHERE ref=2
UPDATE items SET BODY_PARTS='01000100' WHERE ref=2
UPDATE items SET DURABILITY='5' WHERE ref=2
SELECT obj_type, item_type FROM items WHERE ref=2
SELECT * FROM items WHERE ref=2
SELECT * FROM items WHERE ref=2
UPDATE items SET WEIGHT='1.93' WHERE ref=2
UPDATE items SET DESCRIPTION='lolo' WHERE ref=2
UPDATE items SET NAME='TestIns2' WHERE ref=2
UPDATE items SET ITEM_TYPE='3' WHERE ref=2
UPDATE items SET CONDITION='2' WHERE ref=2
UPDATE items SET BODY_PARTS='01100100' WHERE ref=2
UPDATE items SET BODY_PARTS='00100100' WHERE ref=2
UPDATE items SET DURABILITY='7' WHERE ref=2
SELECT obj_type, item_type FROM items WHERE ref=1
SELECT * FROM items WHERE ref=1
SELECT * FROM items WHERE ref=1
UPDATE items SET WPN_SKILL='9' WHERE ref=1
UPDATE items SET WPN_DEFENCE='7' WHERE ref=1
UPDATE items SET WPN_ATTACK='3' WHERE ref=1
UPDATE items SET WPN_REFLEX='2' WHERE ref=1
UPDATE items SET WPN_STR_REQ='4' WHERE ref=1
UPDATE items SET WPN_RANGE='6' WHERE ref=1
UPDATE items SET WPN_D_PIERCING='2' WHERE ref=1
UPDATE items SET WPN_D_SLASHING='3' WHERE ref=1
UPDATE items SET WPN_D_BASHING='4' WHERE ref=1
SELECT obj_type, item_type FROM items WHERE ref=1
SELECT * FROM items WHERE ref=1
SELECT * FROM items WHERE ref=1
UPDATE items SET WPN_SKILL='1' WHERE ref=1
UPDATE items SET WPN_DEFENCE='6' WHERE ref=1
UPDATE items SET WPN_ATTACK='2' WHERE ref=1
UPDATE items SET WPN_REFLEX='1' WHERE ref=1
UPDATE items SET WPN_STR_REQ='3' WHERE ref=1
UPDATE items SET WPN_RANGE='5' WHERE ref=1
UPDATE items SET WPN_D_PIERCING='1' WHERE ref=1
UPDATE items SET WPN_D_SLASHING='2' WHERE ref=1
UPDATE items SET WPN_D_BASHING='3' WHERE ref=1
SELECT obj_type, item_type FROM items WHERE ref=2
SELECT * FROM items WHERE ref=2
SELECT * FROM items WHERE ref=2
UPDATE items SET ARM_DR_PIERCING='2' WHERE ref=2
UPDATE items SET ARM_DR_SLASHING='3' WHERE ref=2
UPDATE items SET ARM_DR_BASHING='4' WHERE ref=2
SELECT obj_type, item_type FROM items WHERE ref=2
SELECT * FROM items WHERE ref=2
SELECT * FROM items WHERE ref=2
UPDATE items SET ARM_DR_PIERCING='5' WHERE ref=2
UPDATE items SET ARM_DR_SLASHING='6' WHERE ref=2
UPDATE items SET ARM_DR_BASHING='7' WHERE ref=2
SELECT obj_type, item_type FROM items WHERE ref=79
SELECT * FROM items WHERE ref=79
SELECT * FROM items WHERE ref=79
UPDATE items SET FOD_HUNGER='20' WHERE ref=79
SELECT obj_type, item_type FROM items WHERE ref=79
SELECT * FROM items WHERE ref=79
SELECT * FROM items WHERE ref=79
UPDATE items SET FOD_HUNGER='35' WHERE ref=79
SELECT obj_type, item_type FROM items WHERE ref=82
SELECT * FROM items WHERE ref=82
SELECT * FROM items WHERE ref=82
UPDATE items SET SHD_DEFENCE='11' WHERE ref=82
SELECT obj_type, item_type FROM items WHERE ref=82
SELECT * FROM items WHERE ref=82
SELECT * FROM items WHERE ref=82
SELECT obj_type, item_type FROM items WHERE ref=2
SELECT * FROM items WHERE ref=2
SELECT * FROM items WHERE ref=2
SELECT * FROM items WHERE ref=2
SELECT * FROM items WHERE ref=2
SELECT ref, prototype FROM items WHERE obj_type=2
SELECT obj_type, item_type FROM items WHERE ref=3
SELECT * FROM items WHERE ref=3
SELECT obj_type, item_type FROM items WHERE ref=4
SELECT * FROM items WHERE ref=4
SELECT * FROM items WHERE ref=4
SELECT obj_type, item_type FROM items WHERE ref=5
SELECT * FROM items WHERE ref=5
SELECT * FROM items WHERE ref=5
EXECUTE PROCEDURE CLONE_ITEM(4)
SELECT obj_type, item_type FROM items WHERE ref=83
SELECT * FROM items WHERE ref=83
SELECT * FROM items WHERE ref=83
delete from items where ref = 83
select first 1 ref from locations
SELECT * FROM locations WHERE ref=3
SELECT * FROM v_loc_neighbours WHERE location=3
SELECT * FROM locations WHERE ref=5
SELECT * FROM v_loc_neighbours WHERE location=5
SELECT * FROM locations WHERE ref=4
SELECT * FROM v_loc_neighbours WHERE location=4
SELECT * FROM locations WHERE ref=6
SELECT * FROM v_loc_neighbours WHERE location=6
SELECT * FROM locations WHERE ref=3
SELECT * FROM v_loc_neighbours WHERE location=3
SELECT * FROM locations WHERE ref=5
SELECT * FROM v_loc_neighbours WHERE location=5
UPDATE locations SET NAME='changed_name' WHERE ref=5
UPDATE locations SET NAME='Test5' WHERE ref=5
SELECT obj_type, item_type FROM items WHERE ref=2
SELECT * FROM items WHERE ref=2
SELECT * FROM items WHERE ref=2
SELECT obj_type, item_type FROM items WHERE ref=4
SELECT obj_type, item_type FROM items WHERE ref=2
SELECT * FROM items WHERE ref=2
SELECT * FROM items WHERE ref=2
SELECT obj_type, item_type FROM items WHERE ref=1
SELECT * FROM items WHERE ref=1
SELECT * FROM items WHERE ref=1
SELECT obj_type, item_type FROM items WHERE ref=2
SELECT * FROM items WHERE ref=2
SELECT * FROM items WHERE ref=2
SELECT obj_type, item_type FROM items WHERE ref=79
SELECT * FROM items WHERE ref=79
SELECT * FROM items WHERE ref=79
SELECT obj_type, item_type FROM items WHERE ref=82
SELECT * FROM items WHERE ref=82
SELECT * FROM items WHERE ref=82
SELECT obj_type, item_type FROM items WHERE ref=2
SELECT * FROM items WHERE ref=2
SELECT * FROM items WHERE ref=2
UPDATE items SET SHOP_VALUE='333' WHERE ref=2
SELECT obj_type, item_type FROM items WHERE ref=2
SELECT * FROM items WHERE ref=2
SELECT * FROM items WHERE ref=2
UPDATE items SET SHOP_VALUE='32' WHERE ref=2
SELECT * FROM items WHERE ref=2
SELECT * FROM items WHERE ref=2
UPDATE items SET WEIGHT='10' WHERE ref=2
UPDATE items SET DESCRIPTION='x' WHERE ref=2
UPDATE items SET NAME='xx' WHERE ref=2
UPDATE items SET ITEM_TYPE='4' WHERE ref=2
UPDATE items SET CONDITION='1' WHERE ref=2
UPDATE items SET BODY_PARTS='01100100' WHERE ref=2
UPDATE items SET BODY_PARTS='01000100' WHERE ref=2
UPDATE items SET DURABILITY='5' WHERE ref=2
SELECT obj_type, item_type FROM items WHERE ref=2
SELECT * FROM items WHERE ref=2
SELECT * FROM items WHERE ref=2
UPDATE items SET WEIGHT='1.93' WHERE ref=2
UPDATE items SET DESCRIPTION='lolo' WHERE ref=2
UPDATE items SET NAME='TestIns2' WHERE ref=2
UPDATE items SET ITEM_TYPE='3' WHERE ref=2
UPDATE items SET CONDITION='2' WHERE ref=2
UPDATE items SET BODY_PARTS='01100100' WHERE ref=2
UPDATE items SET BODY_PARTS='00100100' WHERE ref=2
UPDATE items SET DURABILITY='7' WHERE ref=2
SELECT obj_type, item_type FROM items WHERE ref=1
SELECT * FROM items WHERE ref=1
SELECT * FROM items WHERE ref=1
UPDATE items SET WPN_SKILL='9' WHERE ref=1
UPDATE items SET WPN_DEFENCE='7' WHERE ref=1
UPDATE items SET WPN_ATTACK='3' WHERE ref=1
UPDATE items SET WPN_REFLEX='2' WHERE ref=1
UPDATE items SET WPN_STR_REQ='4' WHERE ref=1
UPDATE items SET WPN_RANGE='6' WHERE ref=1
UPDATE items SET WPN_D_PIERCING='2' WHERE ref=1
UPDATE items SET WPN_D_SLASHING='3' WHERE ref=1
UPDATE items SET WPN_D_BASHING='4' WHERE ref=1
SELECT obj_type, item_type FROM items WHERE ref=1
SELECT * FROM items WHERE ref=1
SELECT * FROM items WHERE ref=1
UPDATE items SET WPN_SKILL='1' WHERE ref=1
UPDATE items SET WPN_DEFENCE='6' WHERE ref=1
UPDATE items SET WPN_ATTACK='2' WHERE ref=1
UPDATE items SET WPN_REFLEX='1' WHERE ref=1
UPDATE items SET WPN_STR_REQ='3' WHERE ref=1
UPDATE items SET WPN_RANGE='5' WHERE ref=1
UPDATE items SET WPN_D_PIERCING='1' WHERE ref=1
UPDATE items SET WPN_D_SLASHING='2' WHERE ref=1
UPDATE items SET WPN_D_BASHING='3' WHERE ref=1
SELECT obj_type, item_type FROM items WHERE ref=2
SELECT * FROM items WHERE ref=2
SELECT * FROM items WHERE ref=2
UPDATE items SET ARM_DR_PIERCING='2' WHERE ref=2
UPDATE items SET ARM_DR_SLASHING='3' WHERE ref=2
UPDATE items SET ARM_DR_BASHING='4' WHERE ref=2
SELECT obj_type, item_type FROM items WHERE ref=2
SELECT * FROM items WHERE ref=2
SELECT * FROM items WHERE ref=2
UPDATE items SET ARM_DR_PIERCING='5' WHERE ref=2
UPDATE items SET ARM_DR_SLASHING='6' WHERE ref=2
UPDATE items SET ARM_DR_BASHING='7' WHERE ref=2
SELECT obj_type, item_type FROM items WHERE ref=79
SELECT * FROM items WHERE ref=79
SELECT * FROM items WHERE ref=79
UPDATE items SET FOD_HUNGER='20' WHERE ref=79
SELECT obj_type, item_type FROM items WHERE ref=79
SELECT * FROM items WHERE ref=79
SELECT * FROM items WHERE ref=79
UPDATE items SET FOD_HUNGER='35' WHERE ref=79
SELECT obj_type, item_type FROM items WHERE ref=82
SELECT * FROM items WHERE ref=82
SELECT * FROM items WHERE ref=82
UPDATE items SET SHD_DEFENCE='11' WHERE ref=82
SELECT obj_type, item_type FROM items WHERE ref=82
SELECT * FROM items WHERE ref=82
SELECT * FROM items WHERE ref=82
UPDATE items SET SHD_DEFENCE='9' WHERE ref=82
SELECT obj_type, item_type FROM items WHERE ref=2
SELECT * FROM items WHERE ref=2
SELECT * FROM items WHERE ref=2
SELECT * FROM items WHERE ref=2
SELECT * FROM items WHERE ref=2
SELECT ref, prototype FROM items WHERE obj_type=2
SELECT obj_type, item_type FROM items WHERE ref=3
SELECT * FROM items WHERE ref=3
SELECT obj_type, item_type FROM items WHERE ref=4
SELECT * FROM items WHERE ref=4
SELECT * FROM items WHERE ref=4
SELECT obj_type, item_type FROM items WHERE ref=5
SELECT * FROM items WHERE ref=5
SELECT * FROM items WHERE ref=5
EXECUTE PROCEDURE CLONE_ITEM(4)
SELECT obj_type, item_type FROM items WHERE ref=84
SELECT * FROM items WHERE ref=84
SELECT * FROM items WHERE ref=84
delete from items where ref = 84
